{"/Users/apple/Desktop/myLib/regExp/test.js":{"path":"/Users/apple/Desktop/myLib/regExp/test.js","s":{"1":1,"2":1,"3":1,"4":1,"5":1,"6":1,"7":1,"8":1,"9":1,"10":1,"11":1,"12":1,"13":1,"14":1,"15":1,"16":1,"17":1,"18":1,"19":1,"20":1,"21":1,"22":1,"23":1,"24":1,"25":1},"b":{},"f":{"1":1,"2":1,"3":1,"4":1,"5":1,"6":1,"7":1,"8":1,"9":1,"10":1,"11":1,"12":1},"fnMap":{"1":{"name":"(anonymous_1)","line":3,"loc":{"start":{"line":3,"column":20},"end":{"line":3,"column":31}}},"2":{"name":"(anonymous_2)","line":4,"loc":{"start":{"line":4,"column":37},"end":{"line":4,"column":48}}},"3":{"name":"(anonymous_3)","line":7,"loc":{"start":{"line":7,"column":36},"end":{"line":7,"column":47}}},"4":{"name":"(anonymous_4)","line":10,"loc":{"start":{"line":10,"column":36},"end":{"line":10,"column":47}}},"5":{"name":"(anonymous_5)","line":13,"loc":{"start":{"line":13,"column":31},"end":{"line":13,"column":42}}},"6":{"name":"(anonymous_6)","line":16,"loc":{"start":{"line":16,"column":33},"end":{"line":16,"column":44}}},"7":{"name":"(anonymous_7)","line":19,"loc":{"start":{"line":19,"column":33},"end":{"line":19,"column":44}}},"8":{"name":"(anonymous_8)","line":22,"loc":{"start":{"line":22,"column":32},"end":{"line":22,"column":43}}},"9":{"name":"(anonymous_9)","line":25,"loc":{"start":{"line":25,"column":33},"end":{"line":25,"column":44}}},"10":{"name":"(anonymous_10)","line":28,"loc":{"start":{"line":28,"column":33},"end":{"line":28,"column":44}}},"11":{"name":"(anonymous_11)","line":31,"loc":{"start":{"line":31,"column":32},"end":{"line":31,"column":43}}},"12":{"name":"(anonymous_12)","line":34,"loc":{"start":{"line":34,"column":40},"end":{"line":34,"column":51}}}},"statementMap":{"1":{"start":{"line":1,"column":0},"end":{"line":1,"column":35}},"2":{"start":{"line":2,"column":0},"end":{"line":2,"column":36}},"3":{"start":{"line":3,"column":0},"end":{"line":37,"column":3}},"4":{"start":{"line":4,"column":2},"end":{"line":6,"column":5}},"5":{"start":{"line":5,"column":4},"end":{"line":5,"column":62}},"6":{"start":{"line":7,"column":2},"end":{"line":9,"column":5}},"7":{"start":{"line":8,"column":4},"end":{"line":8,"column":61}},"8":{"start":{"line":10,"column":2},"end":{"line":12,"column":5}},"9":{"start":{"line":11,"column":4},"end":{"line":11,"column":61}},"10":{"start":{"line":13,"column":2},"end":{"line":15,"column":5}},"11":{"start":{"line":14,"column":4},"end":{"line":14,"column":58}},"12":{"start":{"line":16,"column":2},"end":{"line":18,"column":5}},"13":{"start":{"line":17,"column":4},"end":{"line":17,"column":60}},"14":{"start":{"line":19,"column":2},"end":{"line":21,"column":5}},"15":{"start":{"line":20,"column":4},"end":{"line":20,"column":60}},"16":{"start":{"line":22,"column":2},"end":{"line":24,"column":5}},"17":{"start":{"line":23,"column":4},"end":{"line":23,"column":59}},"18":{"start":{"line":25,"column":2},"end":{"line":27,"column":5}},"19":{"start":{"line":26,"column":4},"end":{"line":26,"column":60}},"20":{"start":{"line":28,"column":2},"end":{"line":30,"column":5}},"21":{"start":{"line":29,"column":4},"end":{"line":29,"column":60}},"22":{"start":{"line":31,"column":2},"end":{"line":33,"column":5}},"23":{"start":{"line":32,"column":4},"end":{"line":32,"column":59}},"24":{"start":{"line":34,"column":2},"end":{"line":36,"column":5}},"25":{"start":{"line":35,"column":4},"end":{"line":35,"column":67}}},"branchMap":{}},"/Users/apple/Desktop/myLib/regExp/regExp.js":{"path":"/Users/apple/Desktop/myLib/regExp/regExp.js","s":{"1":1,"2":1,"3":0,"4":0,"5":1,"6":1,"7":0,"8":1},"b":{"1":[0,1],"2":[1,0],"3":[1,0]},"f":{"1":1,"2":0,"3":1},"fnMap":{"1":{"name":"(anonymous_1)","line":1,"loc":{"start":{"line":1,"column":1},"end":{"line":1,"column":27}}},"2":{"name":"(anonymous_2)","line":3,"loc":{"start":{"line":3,"column":11},"end":{"line":3,"column":22}}},"3":{"name":"(anonymous_3)","line":11,"loc":{"start":{"line":11,"column":9},"end":{"line":11,"column":26}}}},"statementMap":{"1":{"start":{"line":1,"column":0},"end":{"line":19,"column":3}},"2":{"start":{"line":2,"column":2},"end":{"line":10,"column":3}},"3":{"start":{"line":3,"column":4},"end":{"line":5,"column":7}},"4":{"start":{"line":4,"column":6},"end":{"line":4,"column":29}},"5":{"start":{"line":6,"column":9},"end":{"line":10,"column":3}},"6":{"start":{"line":7,"column":4},"end":{"line":7,"column":31}},"7":{"start":{"line":9,"column":4},"end":{"line":9,"column":38}},"8":{"start":{"line":13,"column":2},"end":{"line":18,"column":3}}},"branchMap":{"1":{"line":2,"type":"if","locations":[{"start":{"line":2,"column":2},"end":{"line":2,"column":2}},{"start":{"line":2,"column":2},"end":{"line":2,"column":2}}]},"2":{"line":2,"type":"binary-expr","locations":[{"start":{"line":2,"column":6},"end":{"line":2,"column":34}},{"start":{"line":2,"column":38},"end":{"line":2,"column":48}}]},"3":{"line":6,"type":"if","locations":[{"start":{"line":6,"column":9},"end":{"line":6,"column":9}},{"start":{"line":6,"column":9},"end":{"line":6,"column":9}}]}}}}